Log monitor executed at Thu Feb 19 05:16:29 PM EST 2026
Log monitor executed at Thu Feb 19 05:20:02 PM EST 2026
Log monitor executed at Thu Feb 19 05:20:08 PM EST 2026
Log monitor executed at Thu Feb 19 05:25:01 PM EST 2026
Log monitor executed at Thu Feb 19 05:30:01 PM EST 2026
Log monitor executed at Thu Feb 19 05:35:01 PM EST 2026
Log monitor executed at Thu Feb 19 05:40:01 PM EST 2026
Log monitor executed at Thu Feb 19 05:45:01 PM EST 2026
Log monitor executed at Thu Feb 19 05:50:01 PM EST 2026
Log monitor executed at Thu Feb 19 05:55:01 PM EST 2026
Log monitor executed at Thu Feb 19 06:00:01 PM EST 2026
Log monitor executed at Thu Feb 19 06:05:01 PM EST 2026
Log monitor executed at Thu Feb 19 06:10:01 PM EST 2026
Log monitor executed at Thu Feb 19 06:15:01 PM EST 2026
Log monitor executed at Thu Feb 19 06:20:02 PM EST 2026
Log monitor executed at Thu Feb 19 06:25:01 PM EST 2026
Log monitor executed at Thu Feb 19 06:30:01 PM EST 2026
Log monitor executed at Thu Feb 19 06:35:01 PM EST 2026
Log monitor executed at Thu Feb 19 06:40:01 PM EST 2026
Log monitor executed at Thu Feb 19 06:45:01 PM EST 2026
Log monitor executed at Thu Feb 19 06:50:02 PM EST 2026
Log monitor executed at Thu Feb 19 07:35:03 PM EST 2026
Log monitor executed at Thu Feb 19 07:40:01 PM EST 2026
Log monitor executed at Thu Feb 19 07:45:01 PM EST 2026
Log monitor executed at Thu Feb 19 07:50:01 PM EST 2026
Log monitor executed at Thu Feb 19 07:55:01 PM EST 2026
Log monitor executed at Thu Feb 19 08:00:01 PM EST 2026
Log monitor executed at Thu Feb 19 08:05:01 PM EST 2026
Log monitor executed at Thu Feb 19 08:10:02 PM EST 2026
Log monitor executed at Thu Feb 19 08:15:01 PM EST 2026
Log monitor executed at Thu Feb 19 08:20:01 PM EST 2026
Log monitor executed at Thu Feb 19 08:25:01 PM EST 2026
Log monitor executed at Thu Feb 19 08:30:01 PM EST 2026
Log monitor executed at Thu Feb 19 10:15:02 PM EST 2026
Log monitor executed at Thu Feb 19 10:20:01 PM EST 2026
Log monitor executed at Thu Feb 19 10:25:01 PM EST 2026
Log monitor executed at Thu Feb 19 10:30:01 PM EST 2026
Log monitor executed at Thu Feb 19 10:35:01 PM EST 2026
Log monitor executed at Thu Feb 19 10:40:01 PM EST 2026
Log monitor executed at Thu Feb 19 10:45:01 PM EST 2026
Log monitor executed at Thu Feb 19 10:50:01 PM EST 2026
Log monitor executed at Thu Feb 19 10:55:01 PM EST 2026
Log monitor executed at Thu Feb 19 11:00:02 PM EST 2026
Log monitor executed at Fri Feb 20 05:50:01 PM EST 2026
Log monitor executed at Fri Feb 20 05:55:01 PM EST 2026
Log monitor executed at Fri Feb 20 06:00:01 PM EST 2026
Log monitor executed at Fri Feb 20 06:05:01 PM EST 2026
Log monitor executed at Fri Feb 20 06:10:01 PM EST 2026
Log monitor executed at Fri Feb 20 06:15:02 PM EST 2026
Log monitor executed at Fri Feb 20 06:20:01 PM EST 2026
Log monitor executed at Fri Feb 20 06:25:01 PM EST 2026
Log monitor executed at Fri Feb 20 06:30:01 PM EST 2026
Log monitor executed at Fri Feb 20 06:35:01 PM EST 2026
Log monitor executed at Fri Feb 20 06:40:01 PM EST 2026
Log monitor executed at Fri Feb 20 06:45:01 PM EST 2026
Log monitor executed at Fri Feb 20 06:50:01 PM EST 2026
Log monitor executed at Fri Feb 20 06:55:01 PM EST 2026
Log monitor executed at Fri Feb 20 07:00:01 PM EST 2026
Log monitor executed at Fri Feb 20 07:05:01 PM EST 2026
Log monitor executed at Fri Feb 20 07:10:01 PM EST 2026
Log monitor executed at Fri Feb 20 07:15:01 PM EST 2026
Log monitor executed at Fri Feb 20 07:20:01 PM EST 2026
Log monitor executed at Fri Feb 20 07:25:01 PM EST 2026
Log monitor executed at Fri Feb 20 07:30:01 PM EST 2026
Log monitor executed at Fri Feb 20 07:35:01 PM EST 2026
Log monitor executed at Fri Feb 20 07:40:01 PM EST 2026
Log monitor executed at Fri Feb 20 07:45:01 PM EST 2026
Log monitor executed at Fri Feb 20 07:50:02 PM EST 2026
Log monitor executed at Fri Feb 20 07:55:01 PM EST 2026
Log monitor executed at Fri Feb 20 08:00:01 PM EST 2026
Log monitor executed at Fri Feb 20 08:05:01 PM EST 2026
Log monitor executed at Fri Feb 20 08:10:01 PM EST 2026
Log monitor executed at Fri Feb 20 08:15:01 PM EST 2026
Log monitor executed at Fri Feb 20 08:20:01 PM EST 2026
Log monitor executed at Fri Feb 20 08:25:01 PM EST 2026
Log monitor executed at Fri Feb 20 08:30:01 PM EST 2026
Log monitor executed at Fri Feb 20 08:35:01 PM EST 2026
Log monitor executed at Fri Feb 20 08:40:01 PM EST 2026
Log monitor executed at Fri Feb 20 08:45:01 PM EST 2026
Log monitor executed at Fri Feb 20 08:50:01 PM EST 2026
Log monitor executed at Fri Feb 20 08:55:01 PM EST 2026
Log monitor executed at Fri Feb 20 09:00:01 PM EST 2026
Log monitor executed at Fri Feb 20 09:05:01 PM EST 2026
Log monitor executed at Fri Feb 20 09:10:01 PM EST 2026
Log monitor executed at Fri Feb 20 09:15:01 PM EST 2026
Log monitor executed at Fri Feb 20 09:20:01 PM EST 2026
Log monitor executed at Fri Feb 20 09:25:02 PM EST 2026
Log monitor executed at Fri Feb 20 09:30:01 PM EST 2026
Log monitor executed at Fri Feb 20 09:35:01 PM EST 2026
Log monitor executed at Fri Feb 20 09:40:01 PM EST 2026
Log monitor executed at Fri Feb 20 09:45:01 PM EST 2026
Log monitor executed at Fri Feb 20 09:50:01 PM EST 2026
Log monitor executed at Fri Feb 20 09:55:01 PM EST 2026
Log monitor executed at Fri Feb 20 10:00:01 PM EST 2026
Log monitor executed at Fri Feb 20 10:05:01 PM EST 2026
Log monitor executed at Fri Feb 20 10:10:01 PM EST 2026
Log monitor executed at Fri Feb 20 10:15:01 PM EST 2026
Log monitor executed at Fri Feb 20 10:20:01 PM EST 2026
Log monitor executed at Fri Feb 20 10:25:01 PM EST 2026
Log monitor executed at Fri Feb 20 10:30:01 PM EST 2026
Log monitor executed at Fri Feb 20 10:35:01 PM EST 2026
Log monitor executed at Fri Feb 20 10:40:01 PM EST 2026
Log monitor executed at Sat Feb 21 04:35:01 PM EST 2026
Log monitor executed at Sat Feb 21 04:40:01 PM EST 2026
Log monitor executed at Sat Feb 21 04:45:01 PM EST 2026
Log monitor executed at Sat Feb 21 04:50:02 PM EST 2026
Log monitor executed at Sat Feb 21 04:55:01 PM EST 2026
Log monitor executed at Sat Feb 21 05:00:01 PM EST 2026
Log monitor executed at Sat Feb 21 05:05:01 PM EST 2026
Log monitor executed at Sat Feb 21 05:10:01 PM EST 2026
Log monitor executed at Sat Feb 21 05:15:01 PM EST 2026
Log monitor executed at Sat Feb 21 05:20:01 PM EST 2026
Log monitor executed at Sat Feb 21 05:25:01 PM EST 2026
Log monitor executed at Sat Feb 21 05:30:01 PM EST 2026
Log monitor executed at Sat Feb 21 05:35:01 PM EST 2026
Log monitor executed at Sat Feb 21 05:40:01 PM EST 2026
Log monitor executed at Sat Feb 21 05:45:01 PM EST 2026
Log monitor executed at Sat Feb 21 05:50:01 PM EST 2026
Log monitor executed at Sat Feb 21 05:55:01 PM EST 2026
Log monitor executed at Sat Feb 21 06:00:01 PM EST 2026
Log monitor executed at Sat Feb 21 06:05:01 PM EST 2026
Log monitor executed at Sat Feb 21 06:10:01 PM EST 2026
Log monitor executed at Sat Feb 21 06:15:02 PM EST 2026
Log monitor executed at Sat Feb 21 10:30:01 PM EST 2026
Log monitor executed at Sat Feb 21 10:35:01 PM EST 2026
Log monitor executed at Sat Feb 21 10:40:02 PM EST 2026
Log monitor executed at Sat Feb 21 10:45:01 PM EST 2026
Log monitor executed at Sat Feb 21 10:50:01 PM EST 2026
Log monitor executed at Sat Feb 21 10:55:01 PM EST 2026
Log monitor executed at Sat Feb 21 11:00:01 PM EST 2026
Log monitor executed at Sat Feb 21 11:05:01 PM EST 2026
Log monitor executed at Sat Feb 21 11:10:02 PM EST 2026
Log monitor executed at Sat Feb 21 11:15:01 PM EST 2026
Log monitor executed at Sat Feb 21 11:20:01 PM EST 2026
Log monitor executed at Sat Feb 21 11:25:01 PM EST 2026
Log monitor executed at Sat Feb 21 11:30:02 PM EST 2026
Log monitor executed at Sat Feb 21 11:35:01 PM EST 2026
Log monitor executed at Sat Feb 21 11:40:01 PM EST 2026
Log monitor executed at Sat Feb 21 11:45:01 PM EST 2026
Log monitor executed at Sat Feb 21 11:50:01 PM EST 2026
Log monitor executed at Sat Feb 21 11:55:01 PM EST 2026
Log monitor executed at Sun Feb 22 12:00:01 AM EST 2026
Log monitor executed at Sun Feb 22 12:05:01 AM EST 2026
Log monitor executed at Sun Feb 22 12:10:01 AM EST 2026
Log monitor executed at Sun Feb 22 12:15:01 AM EST 2026
Log monitor executed at Sun Feb 22 12:20:02 AM EST 2026
Log monitor executed at Sun Feb 22 12:25:01 AM EST 2026
Log monitor executed at Wed Feb 25 07:10:01 PM EST 2026
Log monitor executed at Wed Feb 25 07:15:01 PM EST 2026
Log monitor executed at Wed Feb 25 07:20:01 PM EST 2026
Log monitor executed at Wed Feb 25 07:25:01 PM EST 2026
Log monitor executed at Wed Feb 25 07:30:01 PM EST 2026
Log monitor executed at Wed Feb 25 07:35:01 PM EST 2026
Log monitor executed at Wed Feb 25 07:40:01 PM EST 2026
Log monitor executed at Wed Feb 25 07:45:02 PM EST 2026
Log monitor executed at Wed Feb 25 07:50:01 PM EST 2026
Log monitor executed at Wed Feb 25 07:55:02 PM EST 2026
Log monitor executed at Wed Feb 25 08:00:01 PM EST 2026
Log monitor executed at Wed Feb 25 08:05:01 PM EST 2026
Log monitor executed at Wed Feb 25 08:10:01 PM EST 2026
Log monitor executed at Wed Feb 25 08:15:01 PM EST 2026
Log monitor executed at Wed Feb 25 08:20:01 PM EST 2026
Log monitor executed at Wed Feb 25 08:25:01 PM EST 2026
Log monitor executed at Wed Feb 25 08:30:01 PM EST 2026
Log monitor executed at Wed Feb 25 08:35:01 PM EST 2026
Log monitor executed at Wed Feb 25 08:40:02 PM EST 2026
Log monitor executed at Wed Feb 25 08:45:01 PM EST 2026
Log monitor executed at Wed Feb 25 08:50:01 PM EST 2026
Log monitor executed at Wed Feb 25 08:55:01 PM EST 2026
Log monitor executed at Wed Feb 25 09:00:01 PM EST 2026
Log monitor executed at Wed Feb 25 09:05:01 PM EST 2026
Log monitor executed at Wed Feb 25 09:10:01 PM EST 2026
Log monitor executed at Wed Feb 25 09:15:01 PM EST 2026
Log monitor executed at Wed Feb 25 09:20:01 PM EST 2026
Log monitor executed at Wed Feb 25 09:25:01 PM EST 2026
Log monitor executed at Wed Feb 25 09:30:01 PM EST 2026
Log monitor executed at Wed Feb 25 09:35:01 PM EST 2026
Log monitor executed at Wed Feb 25 09:40:01 PM EST 2026
Log monitor executed at Wed Feb 25 09:45:01 PM EST 2026
Log monitor executed at Wed Feb 25 09:50:01 PM EST 2026
Log monitor executed at Wed Feb 25 09:55:01 PM EST 2026
Log monitor executed at Wed Feb 25 10:00:01 PM EST 2026
Log monitor executed at Fri Feb 27 07:10:01 PM EST 2026
Log monitor executed at Fri Feb 27 07:15:01 PM EST 2026
Log monitor executed at Fri Feb 27 07:20:02 PM EST 2026
Log monitor executed at Fri Feb 27 07:25:01 PM EST 2026
Log monitor executed at Fri Feb 27 07:30:01 PM EST 2026
Log monitor executed at Fri Feb 27 07:35:01 PM EST 2026
Log monitor executed at Fri Feb 27 07:40:01 PM EST 2026
Log monitor executed at Fri Feb 27 07:45:01 PM EST 2026
Log monitor executed at Fri Feb 27 07:50:01 PM EST 2026
Log monitor executed at Fri Feb 27 07:55:01 PM EST 2026
Log monitor executed at Fri Feb 27 08:00:01 PM EST 2026
Log monitor executed at Fri Feb 27 08:05:01 PM EST 2026
Log monitor executed at Fri Feb 27 08:10:01 PM EST 2026
Log monitor executed at Fri Feb 27 08:15:01 PM EST 2026
Log monitor executed at Fri Feb 27 08:20:02 PM EST 2026
Log monitor executed at Fri Feb 27 08:25:01 PM EST 2026
Log monitor executed at Fri Feb 27 08:30:02 PM EST 2026
Log monitor executed at Fri Feb 27 08:35:01 PM EST 2026
Log monitor executed at Fri Feb 27 08:40:01 PM EST 2026
Log monitor executed at Fri Feb 27 08:45:01 PM EST 2026
Log monitor executed at Fri Feb 27 08:50:01 PM EST 2026
Log monitor executed at Fri Feb 27 08:55:01 PM EST 2026
Log monitor executed at Fri Feb 27 09:00:02 PM EST 2026
Log monitor executed at Fri Feb 27 09:05:01 PM EST 2026
Log monitor executed at Fri Feb 27 09:10:01 PM EST 2026
Log monitor executed at Fri Feb 27 09:15:01 PM EST 2026
Log monitor executed at Fri Feb 27 09:20:01 PM EST 2026
Log monitor executed at Fri Feb 27 09:25:01 PM EST 2026
Log monitor executed at Fri Feb 27 09:30:01 PM EST 2026
Log monitor executed at Fri Feb 27 09:35:01 PM EST 2026
Log monitor executed at Fri Feb 27 09:40:01 PM EST 2026
Log monitor executed at Fri Feb 27 09:45:01 PM EST 2026
Log monitor executed at Fri Feb 27 09:50:01 PM EST 2026
Log monitor executed at Fri Feb 27 09:55:01 PM EST 2026
Log monitor executed at Fri Feb 27 10:00:01 PM EST 2026
Log monitor executed at Fri Feb 27 10:05:01 PM EST 2026
Log monitor executed at Fri Feb 27 10:10:01 PM EST 2026
Log monitor executed at Fri Feb 27 10:15:01 PM EST 2026
Log monitor executed at Fri Feb 27 10:20:01 PM EST 2026
Log monitor executed at Fri Feb 27 10:25:01 PM EST 2026
Log monitor executed at Fri Feb 27 10:30:01 PM EST 2026
Log monitor executed at Fri Feb 27 10:35:01 PM EST 2026
Log monitor executed at Fri Feb 27 10:40:02 PM EST 2026
Log monitor executed at Fri Feb 27 10:45:01 PM EST 2026
Log monitor executed at Fri Feb 27 10:50:01 PM EST 2026
Log monitor executed at Fri Feb 27 10:55:01 PM EST 2026
Log monitor executed at Fri Feb 27 11:00:01 PM EST 2026
Log monitor executed at Sat Feb 28 04:00:01 PM EST 2026
Log monitor executed at Sat Feb 28 04:05:01 PM EST 2026
Log monitor executed at Sat Feb 28 04:10:01 PM EST 2026
Log monitor executed at Sat Feb 28 04:15:01 PM EST 2026
Log monitor executed at Sat Feb 28 04:20:01 PM EST 2026
Log monitor executed at Sat Feb 28 04:25:01 PM EST 2026
Log monitor executed at Sat Feb 28 04:30:01 PM EST 2026
Log monitor executed at Sat Feb 28 04:35:01 PM EST 2026
Log monitor executed at Sat Feb 28 04:40:02 PM EST 2026
Log monitor executed at Sat Feb 28 04:45:01 PM EST 2026
Log monitor executed at Sat Feb 28 04:50:01 PM EST 2026
Log monitor executed at Sat Feb 28 04:55:01 PM EST 2026
Log monitor executed at Sat Feb 28 05:00:02 PM EST 2026
Log monitor executed at Sat Feb 28 05:05:01 PM EST 2026
Log monitor executed at Sat Feb 28 05:10:01 PM EST 2026
Log monitor executed at Sat Feb 28 05:15:01 PM EST 2026
Log monitor executed at Sat Feb 28 05:30:01 PM EST 2026
Log monitor executed at Sat Feb 28 05:45:01 PM EST 2026
Log monitor executed at Sat Feb 28 05:50:01 PM EST 2026
Log monitor executed at Sat Feb 28 05:55:02 PM EST 2026
Log monitor executed at Sat Feb 28 06:00:01 PM EST 2026
